<?xml version="1.0" encoding="UTF-8"?>
<!-- Generated by org.testng.reporters.JUnitXMLReporter -->
<testsuite hostname="CLLQAPRIADT058" failures="0" tests="4" name="Verify- Table Pagination to Page 1 and Page 3" time="24.015" errors="0" timestamp="25 Aug 2018 07:49:35 GMT">
  <testcase classname="Merchandising.ProductMaster_Pagination" name="a_NavigateTo_productMaster" time="13.486"/>
  <testcase classname="Merchandising.ProductMaster_Pagination" name="b_countAvailableRowsOnTable" time="5.077"/>
  <testcase classname="Merchandising.ProductMaster_Pagination" name="c_ExecutePagination" time="5.434"/>
  <testcase classname="Merchandising.ProductMaster_Pagination" name="d_Verify_Table_Pagination" time="0.002"/>
</testsuite> <!-- Verify- Table Pagination to Page 1 and Page 3 -->
