<?xml version="1.0" encoding="UTF-8"?>
<!-- Generated by org.testng.reporters.JUnitXMLReporter -->
<testsuite hostname="CLLQAPRIADT058" failures="0" tests="4" name="Verify New Button-New product Master" time="34.849" errors="0" timestamp="23 Aug 2018 13:25:26 GMT">
  <testcase classname="Merchandising.ProductMaster_NEW" name="navigateProductMaster" time="14.55"/>
  <testcase classname="Merchandising.ProductMaster_NEW" name="clickNew" time="9.084"/>
  <testcase classname="Merchandising.ProductMaster_NEW" name="productDetailsAccordions" time="0.198"/>
  <testcase classname="Merchandising.ProductMaster_NEW" name="openAccordions" time="10.992"/>
</testsuite> <!-- Verify New Button-New product Master -->
