<?xml version="1.0" encoding="UTF-8"?>
<!-- Generated by org.testng.reporters.JUnitXMLReporter -->
<testsuite hostname="CLLQAPRIADT058" failures="0" tests="4" name="Default test" time="22.115" errors="0" timestamp="25 Aug 2018 07:43:17 GMT">
  <testcase classname="Merchandising.ProductMaster_Pagination" name="a_NavigateTo_productMaster" time="11.543"/>
  <testcase classname="Merchandising.ProductMaster_Pagination" name="b_countAvailableRowsOnTable" time="5.07"/>
  <testcase classname="Merchandising.ProductMaster_Pagination" name="c_ExecutePagination" time="5.474"/>
  <testcase classname="Merchandising.ProductMaster_Pagination" name="d_Verify_Table_Pagination" time="0.001"/>
</testsuite> <!-- Default test -->
